<?xml version="1.0" encoding="UTF-8"?>
<!-- Generated by org.testng.reporters.JUnitReportReporter -->
<testsuite hostname="qawin7qa01" name="com.cat.AutomationPage.SelectAndRevealTemplateScript" tests="8" failures="0" timestamp="16 Feb 2018 13:42:23 GMT" time="116.196" errors="0">
  <testcase name="CatResetTest" time="13.367" classname="com.cat.AutomationPage.SelectAndRevealTemplateScript"/>
  <testcase name="CatAddLesson" time="7.250" classname="com.cat.AutomationPage.SelectAndRevealTemplateScript"/>
  <testcase name="CatEditSelectAndRevealTemplate" time="45.549" classname="com.cat.AutomationPage.SelectAndRevealTemplateScript"/>
  <testcase name="CatCreateCourseTC" time="33.405" classname="com.cat.AutomationPage.SelectAndRevealTemplateScript"/>
  <testcase name="CatAddPage" time="4.713" classname="com.cat.AutomationPage.SelectAndRevealTemplateScript"/>
  <testcase name="CatAddTopic" time="4.812" classname="com.cat.AutomationPage.SelectAndRevealTemplateScript"/>
  <testcase name="CatLogicTC" time="3.638" classname="com.cat.AutomationPage.SelectAndRevealTemplateScript"/>
  <testcase name="CatLogOutTC" time="3.462" classname="com.cat.AutomationPage.SelectAndRevealTemplateScript"/>
</testsuite> <!-- com.cat.AutomationPage.SelectAndRevealTemplateScript -->
