<?xml version="1.0" encoding="UTF-8"?>
<!-- Generated by org.testng.reporters.JUnitReportReporter -->
<testsuite hostname="qawin7qa01" name="com.cat.AutomationPage.VideoTemplateScript" tests="8" failures="0" timestamp="23 Feb 2018 12:56:46 GMT" time="176.328" errors="0">
  <testcase name="CatLogicTC" time="5.881" classname="com.cat.AutomationPage.VideoTemplateScript"/>
  <testcase name="CatCreateCourseTC" time="56.698" classname="com.cat.AutomationPage.VideoTemplateScript"/>
  <testcase name="CatAddPage" time="9.902" classname="com.cat.AutomationPage.VideoTemplateScript"/>
  <testcase name="CatResetTest" time="22.351" classname="com.cat.AutomationPage.VideoTemplateScript"/>
  <testcase name="CatEditVideoTemplate" time="56.466" classname="com.cat.AutomationPage.VideoTemplateScript"/>
  <testcase name="CatAddLesson" time="7.557" classname="com.cat.AutomationPage.VideoTemplateScript"/>
  <testcase name="CatLogOutTC" time="12.111" classname="com.cat.AutomationPage.VideoTemplateScript"/>
  <testcase name="CatAddTopic" time="5.362" classname="com.cat.AutomationPage.VideoTemplateScript"/>
</testsuite> <!-- com.cat.AutomationPage.VideoTemplateScript -->
