<?xml version="1.0" encoding="UTF-8"?>
<!-- Generated by org.testng.reporters.JUnitReportReporter -->
<testsuite hostname="qawin7qa01" name="com.cat.AutomationPage.SelectableHotspotTemplateScript" tests="8" failures="0" timestamp="23 Feb 2018 13:00:59 GMT" time="227.213" errors="0">
  <testcase name="CatLogicTC" time="4.673" classname="com.cat.AutomationPage.SelectableHotspotTemplateScript"/>
  <testcase name="CatCreateCourseTC" time="44.205" classname="com.cat.AutomationPage.SelectableHotspotTemplateScript"/>
  <testcase name="CatAddPage" time="9.882" classname="com.cat.AutomationPage.SelectableHotspotTemplateScript"/>
  <testcase name="SelectableHotspotPageTC" time="130.470" classname="com.cat.AutomationPage.SelectableHotspotTemplateScript"/>
  <testcase name="CatResetTest" time="20.922" classname="com.cat.AutomationPage.SelectableHotspotTemplateScript"/>
  <testcase name="CatAddLesson" time="7.863" classname="com.cat.AutomationPage.SelectableHotspotTemplateScript"/>
  <testcase name="CatAddTopic" time="5.526" classname="com.cat.AutomationPage.SelectableHotspotTemplateScript"/>
  <testcase name="CatLogOutTC" time="3.672" classname="com.cat.AutomationPage.SelectableHotspotTemplateScript"/>
</testsuite> <!-- com.cat.AutomationPage.SelectableHotspotTemplateScript -->
