<?xml version="1.0" encoding="UTF-8"?>
<!-- Generated by org.testng.reporters.JUnitReportReporter -->
<testsuite hostname="qawin7qa01" name="com.cat.AutomationPage.SelectableImageTemplateScript" tests="8" failures="0" timestamp="23 Feb 2018 10:51:25 GMT" time="251.620" errors="0">
  <testcase name="CatCreateCourseTC" time="38.443" classname="com.cat.AutomationPage.SelectableImageTemplateScript"/>
  <testcase name="CatAddPage" time="4.238" classname="com.cat.AutomationPage.SelectableImageTemplateScript"/>
  <testcase name="SelectableImagePageTC" time="148.945" classname="com.cat.AutomationPage.SelectableImageTemplateScript"/>
  <testcase name="CatResetTest" time="34.159" classname="com.cat.AutomationPage.SelectableImageTemplateScript"/>
  <testcase name="CatAddLesson" time="7.985" classname="com.cat.AutomationPage.SelectableImageTemplateScript"/>
  <testcase name="CatLogicTC" time="4.945" classname="com.cat.AutomationPage.SelectableImageTemplateScript"/>
  <testcase name="CatAddTopic" time="5.710" classname="com.cat.AutomationPage.SelectableImageTemplateScript"/>
  <testcase name="CatLogOutTC" time="7.195" classname="com.cat.AutomationPage.SelectableImageTemplateScript"/>
</testsuite> <!-- com.cat.AutomationPage.SelectableImageTemplateScript -->
