<?xml version="1.0" encoding="UTF-8"?>
<!-- Generated by org.testng.reporters.JUnitReportReporter -->
<testsuite hostname="qawin7qa01" name="com.cat.AutomationPage.BranchingScript" tests="9" failures="0" timestamp="20 Feb 2018 12:48:51 GMT" time="184.986" errors="0">
  <testcase name="CatResetTest" time="23.361" classname="com.cat.AutomationPage.BranchingScript"/>
  <testcase name="CatAddTopic" time="5.296" classname="com.cat.AutomationPage.BranchingScript"/>
  <testcase name="CatLogOutTC" time="4.047" classname="com.cat.AutomationPage.BranchingScript"/>
  <testcase name="CatAddLesson" time="9.713" classname="com.cat.AutomationPage.BranchingScript"/>
  <testcase name="CatCreateCourseTC" time="37.526" classname="com.cat.AutomationPage.BranchingScript"/>
  <testcase name="CatLogicTC" time="8.955" classname="com.cat.AutomationPage.BranchingScript"/>
  <testcase name="CatAddPage" time="7.351" classname="com.cat.AutomationPage.BranchingScript"/>
  <testcase name="CatCreateBranchingLesson" time="41.587" classname="com.cat.AutomationPage.BranchingScript"/>
  <testcase name="CatEditTextTemplate" time="47.150" classname="com.cat.AutomationPage.BranchingScript"/>
</testsuite> <!-- com.cat.AutomationPage.BranchingScript -->
