<?xml version="1.0" encoding="UTF-8"?>
<!-- Generated by org.testng.reporters.JUnitReportReporter -->
<testsuite hostname="qawin7qa01" name="com.cat.AutomationPage.SAQTemplateScript" tests="8" failures="0" timestamp="16 Feb 2018 13:42:23 GMT" time="156.769" errors="0">
  <testcase name="CatEditSAQ" time="82.828" classname="com.cat.AutomationPage.SAQTemplateScript"/>
  <testcase name="CatLogOutTC" time="3.537" classname="com.cat.AutomationPage.SAQTemplateScript"/>
  <testcase name="CatResetTest" time="13.391" classname="com.cat.AutomationPage.SAQTemplateScript"/>
  <testcase name="CatAddTopic" time="4.659" classname="com.cat.AutomationPage.SAQTemplateScript"/>
  <testcase name="CatAddPage" time="6.973" classname="com.cat.AutomationPage.SAQTemplateScript"/>
  <testcase name="CatCreateCourseTC" time="34.021" classname="com.cat.AutomationPage.SAQTemplateScript"/>
  <testcase name="CatAddLesson" time="7.187" classname="com.cat.AutomationPage.SAQTemplateScript"/>
  <testcase name="CatLogicTC" time="4.173" classname="com.cat.AutomationPage.SAQTemplateScript"/>
</testsuite> <!-- com.cat.AutomationPage.SAQTemplateScript -->
