<?xml version="1.0" encoding="UTF-8"?>
<!-- Generated by org.testng.reporters.JUnitReportReporter -->
<testsuite hostname="qawin7qa01" name="com.cat.AutomationPage.BinaryListTemplateScript" tests="8" failures="0" timestamp="16 Feb 2018 13:42:23 GMT" time="143.739" errors="0">
  <testcase name="CatLogOutTC" time="12.970" classname="com.cat.AutomationPage.BinaryListTemplateScript"/>
  <testcase name="CatCreateCourseTC" time="34.158" classname="com.cat.AutomationPage.BinaryListTemplateScript"/>
  <testcase name="CatResetTest" time="13.347" classname="com.cat.AutomationPage.BinaryListTemplateScript"/>
  <testcase name="CatAddLesson" time="7.170" classname="com.cat.AutomationPage.BinaryListTemplateScript"/>
  <testcase name="CatAddTopic" time="4.798" classname="com.cat.AutomationPage.BinaryListTemplateScript"/>
  <testcase name="CatAddPage" time="4.656" classname="com.cat.AutomationPage.BinaryListTemplateScript"/>
  <testcase name="CatEditBinaryTemplate" time="55.987" classname="com.cat.AutomationPage.BinaryListTemplateScript"/>
  <testcase name="CatLogicTC" time="10.653" classname="com.cat.AutomationPage.BinaryListTemplateScript"/>
</testsuite> <!-- com.cat.AutomationPage.BinaryListTemplateScript -->
