<?xml version="1.0" encoding="UTF-8"?>
<!-- Generated by org.testng.reporters.JUnitReportReporter -->
<testsuite hostname="qawin7qa01" name="com.cat.AutomationPage.ConsentAutomationTemplateScript" tests="8" failures="0" timestamp="16 Feb 2018 13:42:23 GMT" time="127.856" errors="0">
  <testcase name="CatLogicTC" time="4.483" classname="com.cat.AutomationPage.ConsentAutomationTemplateScript"/>
  <testcase name="CatResetTest" time="13.289" classname="com.cat.AutomationPage.ConsentAutomationTemplateScript"/>
  <testcase name="CatLogOutTC" time="3.547" classname="com.cat.AutomationPage.ConsentAutomationTemplateScript"/>
  <testcase name="CatAddPage" time="4.597" classname="com.cat.AutomationPage.ConsentAutomationTemplateScript"/>
  <testcase name="CatAddLesson" time="7.242" classname="com.cat.AutomationPage.ConsentAutomationTemplateScript"/>
  <testcase name="CatCreateCourseTC" time="35.966" classname="com.cat.AutomationPage.ConsentAutomationTemplateScript"/>
  <testcase name="CatEditConsentTemplate" time="53.978" classname="com.cat.AutomationPage.ConsentAutomationTemplateScript"/>
  <testcase name="CatAddTopic" time="4.754" classname="com.cat.AutomationPage.ConsentAutomationTemplateScript"/>
</testsuite> <!-- com.cat.AutomationPage.ConsentAutomationTemplateScript -->
