<?xml version="1.0" encoding="UTF-8"?>
<!-- Generated by org.testng.reporters.JUnitReportReporter -->
<testsuite hostname="qawin7qa01" name="com.cat.AutomationPage.CarouselTemplateScript" tests="8" failures="0" timestamp="16 Feb 2018 13:42:23 GMT" time="112.506" errors="0">
  <testcase name="CatCreateCourseTC" time="33.785" classname="com.cat.AutomationPage.CarouselTemplateScript"/>
  <testcase name="CatLogicTC" time="10.843" classname="com.cat.AutomationPage.CarouselTemplateScript"/>
  <testcase name="CatAddLesson" time="7.289" classname="com.cat.AutomationPage.CarouselTemplateScript"/>
  <testcase name="CatLogOutTC" time="3.463" classname="com.cat.AutomationPage.CarouselTemplateScript"/>
  <testcase name="CatAddPage" time="5.107" classname="com.cat.AutomationPage.CarouselTemplateScript"/>
  <testcase name="CatAddTopic" time="4.922" classname="com.cat.AutomationPage.CarouselTemplateScript"/>
  <testcase name="CatEditCarouselTemplate" time="33.755" classname="com.cat.AutomationPage.CarouselTemplateScript"/>
  <testcase name="CatResetTest" time="13.342" classname="com.cat.AutomationPage.CarouselTemplateScript"/>
</testsuite> <!-- com.cat.AutomationPage.CarouselTemplateScript -->
