<?xml version="1.0" encoding="UTF-8"?>
<!-- Generated by org.testng.reporters.JUnitReportReporter -->
<testsuite hostname="qawin7qa01" name="com.cat.AutomationPage.EditDragAndDropTemplateScript" tests="8" failures="0" timestamp="16 Feb 2018 13:42:23 GMT" time="161.950" errors="0">
  <testcase name="CatResetTest" time="13.546" classname="com.cat.AutomationPage.EditDragAndDropTemplateScript"/>
  <testcase name="CatCreateCourseTC" time="35.082" classname="com.cat.AutomationPage.EditDragAndDropTemplateScript"/>
  <testcase name="CatLogOutTC" time="10.574" classname="com.cat.AutomationPage.EditDragAndDropTemplateScript"/>
  <testcase name="CatAddPage" time="5.042" classname="com.cat.AutomationPage.EditDragAndDropTemplateScript"/>
  <testcase name="CatLogicTC" time="9.886" classname="com.cat.AutomationPage.EditDragAndDropTemplateScript"/>
  <testcase name="CatAddTopic" time="4.742" classname="com.cat.AutomationPage.EditDragAndDropTemplateScript"/>
  <testcase name="CatAddLesson" time="7.356" classname="com.cat.AutomationPage.EditDragAndDropTemplateScript"/>
  <testcase name="CatEditDragAndDropTemplate" time="75.722" classname="com.cat.AutomationPage.EditDragAndDropTemplateScript"/>
</testsuite> <!-- com.cat.AutomationPage.EditDragAndDropTemplateScript -->
