<?xml version="1.0" encoding="UTF-8"?>
<!-- Generated by org.testng.reporters.JUnitReportReporter -->
<testsuite hostname="qawin7qa01" name="com.cat.AutomationPage.ConsultTemplate" tests="8" failures="0" timestamp="16 Feb 2018 13:42:23 GMT" time="153.861" errors="0">
  <testcase name="CatCreateCourseTC" time="33.519" classname="com.cat.AutomationPage.ConsultTemplate"/>
  <testcase name="CatResetTest" time="13.128" classname="com.cat.AutomationPage.ConsultTemplate"/>
  <testcase name="CatAddTopic" time="4.742" classname="com.cat.AutomationPage.ConsultTemplate"/>
  <testcase name="CatLogicTC" time="4.331" classname="com.cat.AutomationPage.ConsultTemplate"/>
  <testcase name="CatEditConsult" time="83.304" classname="com.cat.AutomationPage.ConsultTemplate"/>
  <testcase name="CatAddPage" time="4.062" classname="com.cat.AutomationPage.ConsultTemplate"/>
  <testcase name="CatAddLesson" time="7.271" classname="com.cat.AutomationPage.ConsultTemplate"/>
  <testcase name="CatLogOutTC" time="3.504" classname="com.cat.AutomationPage.ConsultTemplate"/>
</testsuite> <!-- com.cat.AutomationPage.ConsultTemplate -->
