<?xml version="1.0" encoding="UTF-8"?>
<!-- Generated by org.testng.reporters.JUnitReportReporter -->
<testsuite hostname="qawin7qa01" name="com.cat.AutomationPage.SidebarTemplateScript" tests="8" failures="0" timestamp="23 Feb 2018 12:53:24 GMT" time="153.047" errors="0">
  <testcase name="CatLogOutTC" time="3.580" classname="com.cat.AutomationPage.SidebarTemplateScript"/>
  <testcase name="CatAddTopic" time="4.861" classname="com.cat.AutomationPage.SidebarTemplateScript"/>
  <testcase name="CatAddLesson" time="8.382" classname="com.cat.AutomationPage.SidebarTemplateScript"/>
  <testcase name="SidebarPageTC" time="61.246" classname="com.cat.AutomationPage.SidebarTemplateScript"/>
  <testcase name="CatCreateCourseTC" time="38.101" classname="com.cat.AutomationPage.SidebarTemplateScript"/>
  <testcase name="CatAddPage" time="10.871" classname="com.cat.AutomationPage.SidebarTemplateScript"/>
  <testcase name="CatLogicTC" time="5.490" classname="com.cat.AutomationPage.SidebarTemplateScript"/>
  <testcase name="CatResetTest" time="20.516" classname="com.cat.AutomationPage.SidebarTemplateScript"/>
</testsuite> <!-- com.cat.AutomationPage.SidebarTemplateScript -->
