<?xml version="1.0" encoding="UTF-8"?>
<!-- Generated by org.testng.reporters.JUnitReportReporter -->
<testsuite hostname="qawin7qa01" name="com.cat.AutomationPage.BinaryListTemplateScript" tests="8" failures="0" timestamp="26 Feb 2018 06:52:27 GMT" time="127.966" errors="0">
  <testcase name="CatAddPage" time="9.586" classname="com.cat.AutomationPage.BinaryListTemplateScript"/>
  <testcase name="CatAddLesson" time="6.485" classname="com.cat.AutomationPage.BinaryListTemplateScript"/>
  <testcase name="CatLogOutTC" time="2.944" classname="com.cat.AutomationPage.BinaryListTemplateScript"/>
  <testcase name="CatCreateCourseTC" time="33.544" classname="com.cat.AutomationPage.BinaryListTemplateScript"/>
  <testcase name="CatLogicTC" time="3.459" classname="com.cat.AutomationPage.BinaryListTemplateScript"/>
  <testcase name="CatResetTest" time="21.046" classname="com.cat.AutomationPage.BinaryListTemplateScript"/>
  <testcase name="CatAddTopic" time="4.795" classname="com.cat.AutomationPage.BinaryListTemplateScript"/>
  <testcase name="CatEditBinaryTemplate" time="46.107" classname="com.cat.AutomationPage.BinaryListTemplateScript"/>
</testsuite> <!-- com.cat.AutomationPage.BinaryListTemplateScript -->
