<?xml version="1.0" encoding="UTF-8"?>
<!-- Generated by org.testng.reporters.JUnitReportReporter -->
<testsuite hostname="qawin7qa01" name="com.cat.AutomationPage.SidebarTemplateScript" tests="8" failures="0" timestamp="26 Feb 2018 06:52:27 GMT" time="128.425" errors="0">
  <testcase name="CatLogicTC" time="3.299" classname="com.cat.AutomationPage.SidebarTemplateScript"/>
  <testcase name="CatAddTopic" time="4.711" classname="com.cat.AutomationPage.SidebarTemplateScript"/>
  <testcase name="CatResetTest" time="19.884" classname="com.cat.AutomationPage.SidebarTemplateScript"/>
  <testcase name="CatAddPage" time="9.430" classname="com.cat.AutomationPage.SidebarTemplateScript"/>
  <testcase name="CatCreateCourseTC" time="33.317" classname="com.cat.AutomationPage.SidebarTemplateScript"/>
  <testcase name="CatAddLesson" time="6.484" classname="com.cat.AutomationPage.SidebarTemplateScript"/>
  <testcase name="SidebarPageTC" time="48.239" classname="com.cat.AutomationPage.SidebarTemplateScript"/>
  <testcase name="CatLogOutTC" time="3.061" classname="com.cat.AutomationPage.SidebarTemplateScript"/>
</testsuite> <!-- com.cat.AutomationPage.SidebarTemplateScript -->
