<?xml version="1.0" encoding="UTF-8"?>
<!-- Generated by org.testng.reporters.JUnitReportReporter -->
<testsuite hostname="qawin7qa01" name="com.cat.AutomationPage.VideoTemplateScript" tests="8" failures="0" timestamp="26 Feb 2018 06:52:27 GMT" time="121.838" errors="0">
  <testcase name="CatLogicTC" time="3.605" classname="com.cat.AutomationPage.VideoTemplateScript"/>
  <testcase name="CatResetTest" time="19.770" classname="com.cat.AutomationPage.VideoTemplateScript"/>
  <testcase name="CatCreateCourseTC" time="33.429" classname="com.cat.AutomationPage.VideoTemplateScript"/>
  <testcase name="CatAddTopic" time="4.784" classname="com.cat.AutomationPage.VideoTemplateScript"/>
  <testcase name="CatAddPage" time="9.188" classname="com.cat.AutomationPage.VideoTemplateScript"/>
  <testcase name="CatLogOutTC" time="2.930" classname="com.cat.AutomationPage.VideoTemplateScript"/>
  <testcase name="CatEditVideoTemplate" time="41.543" classname="com.cat.AutomationPage.VideoTemplateScript"/>
  <testcase name="CatAddLesson" time="6.589" classname="com.cat.AutomationPage.VideoTemplateScript"/>
</testsuite> <!-- com.cat.AutomationPage.VideoTemplateScript -->
