<?xml version="1.0" encoding="UTF-8"?>
<!-- Generated by org.testng.reporters.JUnitReportReporter -->
<testsuite hostname="qawin7qa01" name="com.cat.AutomationPage.SelectAndRevealTemplateScript" tests="8" failures="0" timestamp="26 Feb 2018 06:52:27 GMT" time="120.003" errors="0">
  <testcase name="CatEditSelectAndRevealTemplate" time="37.529" classname="com.cat.AutomationPage.SelectAndRevealTemplateScript"/>
  <testcase name="CatAddLesson" time="6.564" classname="com.cat.AutomationPage.SelectAndRevealTemplateScript"/>
  <testcase name="CatLogicTC" time="3.554" classname="com.cat.AutomationPage.SelectAndRevealTemplateScript"/>
  <testcase name="CatAddPage" time="11.434" classname="com.cat.AutomationPage.SelectAndRevealTemplateScript"/>
  <testcase name="CatResetTest" time="19.749" classname="com.cat.AutomationPage.SelectAndRevealTemplateScript"/>
  <testcase name="CatCreateCourseTC" time="33.264" classname="com.cat.AutomationPage.SelectAndRevealTemplateScript"/>
  <testcase name="CatAddTopic" time="4.813" classname="com.cat.AutomationPage.SelectAndRevealTemplateScript"/>
  <testcase name="CatLogOutTC" time="3.096" classname="com.cat.AutomationPage.SelectAndRevealTemplateScript"/>
</testsuite> <!-- com.cat.AutomationPage.SelectAndRevealTemplateScript -->
