<?xml version="1.0" encoding="UTF-8"?>
<!-- Generated by org.testng.reporters.JUnitReportReporter -->
<testsuite hostname="qawin7qa01" name="com.cat.AutomationPage.BranchingScript" tests="9" failures="0" timestamp="26 Feb 2018 06:52:27 GMT" time="132.738" errors="0">
  <testcase name="CatAddLesson" time="6.564" classname="com.cat.AutomationPage.BranchingScript"/>
  <testcase name="CatResetTest" time="19.841" classname="com.cat.AutomationPage.BranchingScript"/>
  <testcase name="CatAddPage" time="4.144" classname="com.cat.AutomationPage.BranchingScript"/>
  <testcase name="CatLogicTC" time="4.101" classname="com.cat.AutomationPage.BranchingScript"/>
  <testcase name="CatAddTopic" time="4.780" classname="com.cat.AutomationPage.BranchingScript"/>
  <testcase name="CatLogOutTC" time="3.921" classname="com.cat.AutomationPage.BranchingScript"/>
  <testcase name="CatEditTextTemplate" time="29.030" classname="com.cat.AutomationPage.BranchingScript"/>
  <testcase name="CatCreateBranchingLesson" time="27.418" classname="com.cat.AutomationPage.BranchingScript"/>
  <testcase name="CatCreateCourseTC" time="32.939" classname="com.cat.AutomationPage.BranchingScript"/>
</testsuite> <!-- com.cat.AutomationPage.BranchingScript -->
