<?xml version="1.0" encoding="UTF-8"?>
<!-- Generated by org.testng.reporters.JUnitReportReporter -->
<testsuite hostname="qawin7qa01" name="com.cat.AutomationPage.SAQTemplateScript" tests="8" failures="0" timestamp="26 Feb 2018 06:52:27 GMT" time="145.954" errors="0">
  <testcase name="CatAddLesson" time="6.887" classname="com.cat.AutomationPage.SAQTemplateScript"/>
  <testcase name="CatResetTest" time="20.368" classname="com.cat.AutomationPage.SAQTemplateScript"/>
  <testcase name="CatEditSAQ" time="67.812" classname="com.cat.AutomationPage.SAQTemplateScript"/>
  <testcase name="CatLogicTC" time="3.364" classname="com.cat.AutomationPage.SAQTemplateScript"/>
  <testcase name="CatAddTopic" time="4.894" classname="com.cat.AutomationPage.SAQTemplateScript"/>
  <testcase name="CatLogOutTC" time="3.191" classname="com.cat.AutomationPage.SAQTemplateScript"/>
  <testcase name="CatCreateCourseTC" time="33.829" classname="com.cat.AutomationPage.SAQTemplateScript"/>
  <testcase name="CatAddPage" time="5.609" classname="com.cat.AutomationPage.SAQTemplateScript"/>
</testsuite> <!-- com.cat.AutomationPage.SAQTemplateScript -->
