<?xml version="1.0" encoding="UTF-8"?>
<!-- Generated by org.testng.reporters.JUnitReportReporter -->
<testsuite hostname="qawin7qa01" name="com.cat.AutomationPage.ConfigurationScript" tests="15" failures="0" timestamp="26 Feb 2018 06:52:27 GMT" time="172.477" errors="0">
  <testcase name="CatAddPage" time="4.382" classname="com.cat.AutomationPage.ConfigurationScript"/>
  <testcase name="CatPasteNode" time="6.898" classname="com.cat.AutomationPage.ConfigurationScript"/>
  <testcase name="CatUnLockPage" time="6.603" classname="com.cat.AutomationPage.ConfigurationScript"/>
  <testcase name="CatLockPage" time="16.916" classname="com.cat.AutomationPage.ConfigurationScript"/>
  <testcase name="CatUnhidePage" time="6.652" classname="com.cat.AutomationPage.ConfigurationScript"/>
  <testcase name="CatResetTest" time="19.690" classname="com.cat.AutomationPage.ConfigurationScript"/>
  <testcase name="CatHidePage" time="6.610" classname="com.cat.AutomationPage.ConfigurationScript"/>
  <testcase name="CatCopyNode" time="6.630" classname="com.cat.AutomationPage.ConfigurationScript"/>
  <testcase name="CatDeletePage" time="15.277" classname="com.cat.AutomationPage.ConfigurationScript"/>
  <testcase name="CatAddLesson" time="7.422" classname="com.cat.AutomationPage.ConfigurationScript"/>
  <testcase name="CatEditTextTemplate" time="30.308" classname="com.cat.AutomationPage.ConfigurationScript"/>
  <testcase name="CatAddTopic" time="5.250" classname="com.cat.AutomationPage.ConfigurationScript"/>
  <testcase name="CatCreateCourseTC" time="33.588" classname="com.cat.AutomationPage.ConfigurationScript"/>
  <testcase name="CatLogOutTC" time="2.934" classname="com.cat.AutomationPage.ConfigurationScript"/>
  <testcase name="CatLogicTC" time="3.317" classname="com.cat.AutomationPage.ConfigurationScript"/>
</testsuite> <!-- com.cat.AutomationPage.ConfigurationScript -->
