<?xml version="1.0" encoding="UTF-8"?>
<!-- Generated by org.testng.reporters.JUnitReportReporter -->
<testsuite hostname="qawin7qa01" name="com.cat.AutomationPage.ConsentAutomationTemplateScript" tests="8" failures="0" timestamp="26 Feb 2018 06:52:27 GMT" time="126.338" errors="0">
  <testcase name="CatLogicTC" time="3.378" classname="com.cat.AutomationPage.ConsentAutomationTemplateScript"/>
  <testcase name="CatResetTest" time="18.486" classname="com.cat.AutomationPage.ConsentAutomationTemplateScript"/>
  <testcase name="CatCreateCourseTC" time="34.581" classname="com.cat.AutomationPage.ConsentAutomationTemplateScript"/>
  <testcase name="CatAddTopic" time="4.902" classname="com.cat.AutomationPage.ConsentAutomationTemplateScript"/>
  <testcase name="CatEditConsentTemplate" time="44.633" classname="com.cat.AutomationPage.ConsentAutomationTemplateScript"/>
  <testcase name="CatAddPage" time="9.786" classname="com.cat.AutomationPage.ConsentAutomationTemplateScript"/>
  <testcase name="CatAddLesson" time="7.392" classname="com.cat.AutomationPage.ConsentAutomationTemplateScript"/>
  <testcase name="CatLogOutTC" time="3.180" classname="com.cat.AutomationPage.ConsentAutomationTemplateScript"/>
</testsuite> <!-- com.cat.AutomationPage.ConsentAutomationTemplateScript -->
