<?xml version="1.0" encoding="UTF-8"?>
<!-- Generated by org.testng.reporters.JUnitReportReporter -->
<testsuite hostname="qawin7qa01" name="com.cat.AutomationPage.TextAndGraphicTemplateScript" tests="8" failures="0" timestamp="26 Feb 2018 06:52:27 GMT" time="106.361" errors="0">
  <testcase name="CatResetTest" time="19.817" classname="com.cat.AutomationPage.TextAndGraphicTemplateScript"/>
  <testcase name="CatEditTextTemplate" time="29.774" classname="com.cat.AutomationPage.TextAndGraphicTemplateScript"/>
  <testcase name="CatAddPage" time="4.925" classname="com.cat.AutomationPage.TextAndGraphicTemplateScript"/>
  <testcase name="CatLogOutTC" time="3.115" classname="com.cat.AutomationPage.TextAndGraphicTemplateScript"/>
  <testcase name="CatAddTopic" time="4.681" classname="com.cat.AutomationPage.TextAndGraphicTemplateScript"/>
  <testcase name="CatCreateCourseTC" time="33.619" classname="com.cat.AutomationPage.TextAndGraphicTemplateScript"/>
  <testcase name="CatLogicTC" time="3.743" classname="com.cat.AutomationPage.TextAndGraphicTemplateScript"/>
  <testcase name="CatAddLesson" time="6.687" classname="com.cat.AutomationPage.TextAndGraphicTemplateScript"/>
</testsuite> <!-- com.cat.AutomationPage.TextAndGraphicTemplateScript -->
