<?xml version="1.0" encoding="UTF-8"?>
<!-- Generated by org.testng.reporters.JUnitReportReporter -->
<testsuite hostname="qawin7qa01" name="com.cat.AutomationPage.ConsultTemplate" tests="8" failures="0" timestamp="26 Feb 2018 06:52:27 GMT" time="152.149" errors="0">
  <testcase name="CatResetTest" time="19.727" classname="com.cat.AutomationPage.ConsultTemplate"/>
  <testcase name="CatCreateCourseTC" time="33.000" classname="com.cat.AutomationPage.ConsultTemplate"/>
  <testcase name="CatLogicTC" time="3.397" classname="com.cat.AutomationPage.ConsultTemplate"/>
  <testcase name="CatAddLesson" time="6.681" classname="com.cat.AutomationPage.ConsultTemplate"/>
  <testcase name="CatAddPage" time="9.356" classname="com.cat.AutomationPage.ConsultTemplate"/>
  <testcase name="CatLogOutTC" time="3.127" classname="com.cat.AutomationPage.ConsultTemplate"/>
  <testcase name="CatEditConsult" time="72.230" classname="com.cat.AutomationPage.ConsultTemplate"/>
  <testcase name="CatAddTopic" time="4.631" classname="com.cat.AutomationPage.ConsultTemplate"/>
</testsuite> <!-- com.cat.AutomationPage.ConsultTemplate -->
